<?xml version="1.0" encoding="utf-8"?><testsuites><testsuite errors="0" failures="0" hostname="a159cf9c2959" name="pytest" skipped="0" tests="11" time="1.616" timestamp="2026-05-18T19:43:27.947181"><testcase classname="test.rest.api_test.TestApi" name="test_api_add_ok" time="0.013"></testcase><testcase classname="test.rest.api_test.TestApi" name="test_api_divide_by_zero_returns_400" time="0.003"></testcase><testcase classname="test.rest.api_test.TestApi" name="test_api_divide_ok" time="0.002"></testcase><testcase classname="test.rest.api_test.TestApi" name="test_api_log10_ok" time="0.002"></testcase><testcase classname="test.rest.api_test.TestApi" name="test_api_log10_zero_returns_400" time="0.003"></testcase><testcase classname="test.rest.api_test.TestApi" name="test_api_multiply_ok" time="0.003"></testcase><testcase classname="test.rest.api_test.TestApi" name="test_api_non_numeric_returns_400" time="0.003"></testcase><testcase classname="test.rest.api_test.TestApi" name="test_api_power_ok" time="0.002"></testcase><testcase classname="test.rest.api_test.TestApi" name="test_api_sqrt_negative_returns_400" time="0.003"></testcase><testcase classname="test.rest.api_test.TestApi" name="test_api_sqrt_ok" time="0.002"></testcase><testcase classname="test.rest.api_test.TestApi" name="test_api_substract_ok" time="0.003"></testcase></testsuite></testsuites>